<?xml version="1.0" encoding="UTF-8"?>
<testng-results skipped="0" failed="2" total="11" passed="9">
  <reporter-output>
  </reporter-output>
  <suite name="Default suite" duration-ms="9366" started-at="2019-06-12T07:09:04Z" finished-at="2019-06-12T07:09:13Z">
    <groups>
    </groups>
    <test name="Default test" duration-ms="9366" started-at="2019-06-12T07:09:04Z" finished-at="2019-06-12T07:09:13Z">
      <class name="com.RestApi.TrelloApi.PutTest">
        <test-method status="PASS" signature="postBoard()[pri:0, instance:com.RestApi.TrelloApi.PutTest@7f9a81e8]" name="postBoard" duration-ms="1516" started-at="2019-06-12T12:39:04Z" finished-at="2019-06-12T12:39:06Z">
          <reporter-output>
          </reporter-output>
        </test-method> <!-- postBoard -->
        <test-method status="PASS" signature="postList1()[pri:0, instance:com.RestApi.TrelloApi.PutTest@7f9a81e8]" name="postList1" duration-ms="784" started-at="2019-06-12T12:39:06Z" finished-at="2019-06-12T12:39:06Z">
          <reporter-output>
          </reporter-output>
        </test-method> <!-- postList1 -->
        <test-method status="PASS" signature="postList2()[pri:0, instance:com.RestApi.TrelloApi.PutTest@7f9a81e8]" name="postList2" duration-ms="688" started-at="2019-06-12T12:39:06Z" finished-at="2019-06-12T12:39:07Z">
          <reporter-output>
          </reporter-output>
        </test-method> <!-- postList2 -->
        <test-method status="FAIL" signature="updateList1()[pri:0, instance:com.RestApi.TrelloApi.PutTest@7f9a81e8]" name="updateList1" duration-ms="748" started-at="2019-06-12T12:39:07Z" finished-at="2019-06-12T12:39:08Z">
          <exception class="java.lang.AssertionError">
            <message>
              <![CDATA[expected [200] but found [400]]]>
            </message>
            <full-stacktrace>
              <![CDATA[java.lang.AssertionError: expected [200] but found [400]
	at org.testng.Assert.fail(Assert.java:94)
	at org.testng.Assert.failNotEquals(Assert.java:494)
	at org.testng.Assert.assertEquals(Assert.java:123)
	at org.testng.Assert.assertEquals(Assert.java:370)
	at org.testng.Assert.assertEquals(Assert.java:380)
	at com.RestApi.TrelloApi.PutTest.updateList1(PutTest.java:61)
	at sun.reflect.NativeMethodAccessorImpl.invoke0(Native Method)
	at sun.reflect.NativeMethodAccessorImpl.invoke(NativeMethodAccessorImpl.java:62)
	at sun.reflect.DelegatingMethodAccessorImpl.invoke(DelegatingMethodAccessorImpl.java:43)
	at java.lang.reflect.Method.invoke(Method.java:498)
	at org.testng.internal.MethodInvocationHelper.invokeMethod(MethodInvocationHelper.java:80)
	at org.testng.internal.Invoker.invokeMethod(Invoker.java:714)
	at org.testng.internal.Invoker.invokeTestMethod(Invoker.java:901)
	at org.testng.internal.Invoker.invokeTestMethods(Invoker.java:1231)
	at org.testng.internal.TestMethodWorker.invokeTestMethods(TestMethodWorker.java:127)
	at org.testng.internal.TestMethodWorker.run(TestMethodWorker.java:111)
	at org.testng.TestRunner.privateRun(TestRunner.java:767)
	at org.testng.TestRunner.run(TestRunner.java:617)
	at org.testng.SuiteRunner.runTest(SuiteRunner.java:334)
	at org.testng.SuiteRunner.runSequentially(SuiteRunner.java:329)
	at org.testng.SuiteRunner.privateRun(SuiteRunner.java:291)
	at org.testng.SuiteRunner.run(SuiteRunner.java:240)
	at org.testng.SuiteRunnerWorker.runSuite(SuiteRunnerWorker.java:52)
	at org.testng.SuiteRunnerWorker.run(SuiteRunnerWorker.java:86)
	at org.testng.TestNG.runSuitesSequentially(TestNG.java:1198)
	at org.testng.TestNG.runSuitesLocally(TestNG.java:1123)
	at org.testng.TestNG.run(TestNG.java:1031)
	at org.testng.remote.AbstractRemoteTestNG.run(AbstractRemoteTestNG.java:115)
	at org.testng.remote.RemoteTestNG.initAndRun(RemoteTestNG.java:251)
	at org.testng.remote.RemoteTestNG.main(RemoteTestNG.java:77)
]]>
            </full-stacktrace>
          </exception> <!-- java.lang.AssertionError -->
          <reporter-output>
          </reporter-output>
        </test-method> <!-- updateList1 -->
        <test-method status="PASS" signature="postCard1()[pri:0, instance:com.RestApi.TrelloApi.PutTest@7f9a81e8]" name="postCard1" duration-ms="908" started-at="2019-06-12T12:39:08Z" finished-at="2019-06-12T12:39:09Z">
          <reporter-output>
          </reporter-output>
        </test-method> <!-- postCard1 -->
        <test-method status="PASS" signature="postCard2()[pri:0, instance:com.RestApi.TrelloApi.PutTest@7f9a81e8]" name="postCard2" duration-ms="730" started-at="2019-06-12T12:39:09Z" finished-at="2019-06-12T12:39:09Z">
          <reporter-output>
          </reporter-output>
        </test-method> <!-- postCard2 -->
        <test-method status="FAIL" signature="updateCard2()[pri:0, instance:com.RestApi.TrelloApi.PutTest@7f9a81e8]" name="updateCard2" duration-ms="800" started-at="2019-06-12T12:39:09Z" finished-at="2019-06-12T12:39:10Z">
          <exception class="java.lang.AssertionError">
            <message>
              <![CDATA[expected [200] but found [400]]]>
            </message>
            <full-stacktrace>
              <![CDATA[java.lang.AssertionError: expected [200] but found [400]
	at org.testng.Assert.fail(Assert.java:94)
	at org.testng.Assert.failNotEquals(Assert.java:494)
	at org.testng.Assert.assertEquals(Assert.java:123)
	at org.testng.Assert.assertEquals(Assert.java:370)
	at org.testng.Assert.assertEquals(Assert.java:380)
	at com.RestApi.TrelloApi.PutTest.updateCard2(PutTest.java:98)
	at sun.reflect.NativeMethodAccessorImpl.invoke0(Native Method)
	at sun.reflect.NativeMethodAccessorImpl.invoke(NativeMethodAccessorImpl.java:62)
	at sun.reflect.DelegatingMethodAccessorImpl.invoke(DelegatingMethodAccessorImpl.java:43)
	at java.lang.reflect.Method.invoke(Method.java:498)
	at org.testng.internal.MethodInvocationHelper.invokeMethod(MethodInvocationHelper.java:80)
	at org.testng.internal.Invoker.invokeMethod(Invoker.java:714)
	at org.testng.internal.Invoker.invokeTestMethod(Invoker.java:901)
	at org.testng.internal.Invoker.invokeTestMethods(Invoker.java:1231)
	at org.testng.internal.TestMethodWorker.invokeTestMethods(TestMethodWorker.java:127)
	at org.testng.internal.TestMethodWorker.run(TestMethodWorker.java:111)
	at org.testng.TestRunner.privateRun(TestRunner.java:767)
	at org.testng.TestRunner.run(TestRunner.java:617)
	at org.testng.SuiteRunner.runTest(SuiteRunner.java:334)
	at org.testng.SuiteRunner.runSequentially(SuiteRunner.java:329)
	at org.testng.SuiteRunner.privateRun(SuiteRunner.java:291)
	at org.testng.SuiteRunner.run(SuiteRunner.java:240)
	at org.testng.SuiteRunnerWorker.runSuite(SuiteRunnerWorker.java:52)
	at org.testng.SuiteRunnerWorker.run(SuiteRunnerWorker.java:86)
	at org.testng.TestNG.runSuitesSequentially(TestNG.java:1198)
	at org.testng.TestNG.runSuitesLocally(TestNG.java:1123)
	at org.testng.TestNG.run(TestNG.java:1031)
	at org.testng.remote.AbstractRemoteTestNG.run(AbstractRemoteTestNG.java:115)
	at org.testng.remote.RemoteTestNG.initAndRun(RemoteTestNG.java:251)
	at org.testng.remote.RemoteTestNG.main(RemoteTestNG.java:77)
]]>
            </full-stacktrace>
          </exception> <!-- java.lang.AssertionError -->
          <reporter-output>
          </reporter-output>
        </test-method> <!-- updateCard2 -->
        <test-method status="PASS" signature="postLabel1()[pri:0, instance:com.RestApi.TrelloApi.PutTest@7f9a81e8]" name="postLabel1" duration-ms="814" started-at="2019-06-12T12:39:10Z" finished-at="2019-06-12T12:39:11Z">
          <reporter-output>
          </reporter-output>
        </test-method> <!-- postLabel1 -->
        <test-method status="PASS" signature="postLabel2()[pri:0, instance:com.RestApi.TrelloApi.PutTest@7f9a81e8]" name="postLabel2" duration-ms="816" started-at="2019-06-12T12:39:11Z" finished-at="2019-06-12T12:39:12Z">
          <reporter-output>
          </reporter-output>
        </test-method> <!-- postLabel2 -->
        <test-method status="PASS" signature="postAttach()[pri:0, instance:com.RestApi.TrelloApi.PutTest@7f9a81e8]" name="postAttach" duration-ms="816" started-at="2019-06-12T12:39:12Z" finished-at="2019-06-12T12:39:13Z">
          <reporter-output>
          </reporter-output>
        </test-method> <!-- postAttach -->
        <test-method status="PASS" signature="postAttach2()[pri:0, instance:com.RestApi.TrelloApi.PutTest@7f9a81e8]" name="postAttach2" duration-ms="696" started-at="2019-06-12T12:39:13Z" finished-at="2019-06-12T12:39:13Z">
          <reporter-output>
          </reporter-output>
        </test-method> <!-- postAttach2 -->
      </class> <!-- com.RestApi.TrelloApi.PutTest -->
    </test> <!-- Default test -->
  </suite> <!-- Default suite -->
</testng-results>
